2025-01-02 02:22:13,965 - discord.client - WARNING - PyNaCl is not installed, voice will NOT be supported
2025-01-02 02:22:14,065 - discord.client - INFO - logging in using static token
2025-01-02 02:22:14,448 - discord.gateway - INFO - Shard ID None has sent the IDENTIFY payload.
2025-01-02 02:22:14,574 - discord.gateway - INFO - Shard ID None has connected to Gateway: ["gateway-prd-us-east1-c-jm0v",{"micros":96056,"calls":["id_created",{"micros":739,"calls":[]},"session_lookup_time",{"micros":231,"calls":[]},"session_lookup_finished",{"micros":22,"calls":[]},"discord-sessions-prd-1-233",{"micros":93755,"calls":["start_session",{"micros":56590,"calls":["discord-api-rpc-799bd6f864-zlhw5",{"micros":50299,"calls":["get_user",{"micros":5980},"get_guilds",{"micros":16721},"send_scheduled_deletion_message",{"micros":8},"guild_join_requests",{"micros":1},"authorized_ip_coro",{"micros":9}]}]},"starting_guild_connect",{"micros":118,"calls":[]},"presence_started",{"micros":17055,"calls":[]},"guilds_started",{"micros":146,"calls":[]},"lobbies_started",{"micros":1,"calls":[]},"guilds_connect",{"micros":2,"calls":[]},"presence_connect",{"micros":19812,"calls":[]},"connect_finished",{"micros":19820,"calls":[]},"build_ready",{"micros":22,"calls":[]},"clean_ready",{"micros":1,"calls":[]},"optimize_ready",{"micros":0,"calls":[]},"split_ready",{"micros":1,"calls":[]}]}]}] (Session ID: aa93b4587b3ebfd625c209eec8475ebb).
2025-01-02 02:22:25,738 - root - INFO - Looking up <@539132662980411418>
2025-01-02 02:22:25,849 - root - INFO - siull
2025-01-02 02:22:26,525 - root - INFO - [{'leagueId': '80e21e0e-1b50-4d9e-b680-c59b5a327d61', 'queueType': 'RANKED_SOLO_5x5', 'tier': 'SILVER', 'rank': 'II', 'summonerId': 'JiwQHj_BlL_Pc_uS23QNscRKg1wc60_sMCyOFDJy_gAtGy8', 'leaguePoints': 82, 'wins': 6, 'losses': 3, 'veteran': False, 'inactive': False, 'freshBlood': False, 'hotStreak': False}, {'leagueId': 'd0fa770e-b4d1-4f8c-ba63-ab2d0a2b92dc', 'queueType': 'RANKED_FLEX_SR', 'tier': 'GOLD', 'rank': 'IV', 'summonerId': 'JiwQHj_BlL_Pc_uS23QNscRKg1wc60_sMCyOFDJy_gAtGy8', 'leaguePoints': 50, 'wins': 22, 'losses': 22, 'veteran': False, 'inactive': False, 'freshBlood': False, 'hotStreak': False}]
2025-01-02 02:22:26,955 - root - INFO - ['LeeSin', 'Yasuo', 'Kayn']
2025-01-02 02:22:27,951 - root - INFO - ['LeeSin', 'Yasuo', 'Kayn']
2025-01-02 02:26:29,782 - discord.gateway - INFO - Websocket closed with 1006, attempting a reconnect.
2025-01-02 02:26:29,811 - discord.client - INFO - Got a request to RESUME the websocket.
2025-01-02 02:26:30,108 - discord.gateway - INFO - Shard ID None has sent the RESUME payload.
2025-01-02 02:26:30,143 - discord.gateway - INFO - Shard ID None has successfully RESUMED session aa93b4587b3ebfd625c209eec8475ebb under trace ["gateway-prd-us-east1-d-z572",{"micros":745,"calls":["id_created",{"micros":0,"calls":[]},"session_lookup_time",{"micros":458,"calls":[]},"session_lookup_finished",{"micros":21,"calls":[]},"discord-sessions-prd-1-233",{"micros":25}]}].
2025-01-02 02:27:28,006 - discord.gateway - INFO - Websocket closed with 1006, attempting a reconnect.
2025-01-02 02:27:28,010 - discord.client - INFO - Got a request to RESUME the websocket.
2025-01-02 02:27:28,227 - discord.gateway - INFO - Shard ID None has sent the RESUME payload.
2025-01-02 02:27:28,256 - discord.gateway - INFO - Shard ID None has successfully RESUMED session aa93b4587b3ebfd625c209eec8475ebb under trace ["gateway-prd-us-east1-c-hc8f",{"micros":2044,"calls":["id_created",{"micros":0,"calls":[]},"session_lookup_time",{"micros":1785,"calls":[]},"session_lookup_finished",{"micros":12,"calls":[]},"discord-sessions-prd-1-233",{"micros":23}]}].
2025-01-02 02:28:52,544 - discord.gateway - INFO - Websocket closed with 1006, attempting a reconnect.
2025-01-02 02:28:52,545 - discord.client - INFO - Got a request to RESUME the websocket.
2025-01-02 02:28:53,304 - discord.gateway - INFO - Shard ID None has sent the RESUME payload.
2025-01-02 02:28:53,333 - discord.gateway - INFO - Shard ID None session has been invalidated.
2025-01-02 02:28:53,418 - discord.client - INFO - Got a request to IDENTIFY the websocket.
2025-01-02 02:28:59,156 - discord.gateway - INFO - Shard ID None has sent the IDENTIFY payload.
2025-01-02 02:28:59,311 - discord.gateway - INFO - Shard ID None has connected to Gateway: ["gateway-prd-us-east1-c-4j8d",{"micros":125426,"calls":["id_created",{"micros":803,"calls":[]},"session_lookup_time",{"micros":2559,"calls":[]},"session_lookup_finished",{"micros":14,"calls":[]},"discord-sessions-prd-1-293",{"micros":121806,"calls":["start_session",{"micros":77674,"calls":["discord-api-rpc-799bd6f864-llqtw",{"micros":71800,"calls":["get_user",{"micros":10111},"get_guilds",{"micros":7978},"send_scheduled_deletion_message",{"micros":5},"guild_join_requests",{"micros":1},"authorized_ip_coro",{"micros":4}]}]},"starting_guild_connect",{"micros":86,"calls":[]},"presence_started",{"micros":11933,"calls":[]},"guilds_started",{"micros":139,"calls":[]},"lobbies_started",{"micros":1,"calls":[]},"guilds_connect",{"micros":2,"calls":[]},"presence_connect",{"micros":31950,"calls":[]},"connect_finished",{"micros":31955,"calls":[]},"build_ready",{"micros":15,"calls":[]},"clean_ready",{"micros":1,"calls":[]},"optimize_ready",{"micros":0,"calls":[]},"split_ready",{"micros":1,"calls":[]}]}]}] (Session ID: cf11c8956a1069c88a1cbd6c9442c18c).
